<?xml version="1.0" encoding="utf-8"?><testsuites name="pytest tests"><testsuite name="pytest" errors="0" failures="0" skipped="0" tests="36" time="21.585" timestamp="2026-04-20T22:09:00.046449+00:00" hostname="agent-env-7ae03f43-b071-413e-9821-6fcacd6bd23a"><testcase classname="backend.tests.test_yla_backend.TestHealth" name="test_root" time="0.655" /><testcase classname="backend.tests.test_yla_backend.TestAdminAuth" name="test_login_success_sets_cookie" time="0.365" /><testcase classname="backend.tests.test_yla_backend.TestAdminAuth" name="test_login_invalid" time="0.279" /><testcase classname="backend.tests.test_yla_backend.TestAdminAuth" name="test_admin_me_requires_auth" time="0.123" /><testcase classname="backend.tests.test_yla_backend.TestAdminAuth" name="test_admin_memory_unauth_401" time="0.422" /><testcase classname="backend.tests.test_yla_backend.TestAdminAuth" name="test_admin_payments_unauth_401" time="0.124" /><testcase classname="backend.tests.test_yla_backend.TestAdminAuth" name="test_admin_stats_unauth_401" time="0.101" /><testcase classname="backend.tests.test_yla_backend.TestAdminAuth" name="test_admin_users_unauth_401" time="0.103" /><testcase classname="backend.tests.test_yla_backend.TestAdminAuth" name="test_admin_reviews_unauth_401" time="0.104" /><testcase classname="backend.tests.test_yla_backend.TestOwnerMemory" name="test_list_empty_initially" time="0.100" /><testcase classname="backend.tests.test_yla_backend.TestOwnerMemory" name="test_add_manual_fact" time="0.101" /><testcase classname="backend.tests.test_yla_backend.TestOwnerMemory" name="test_add_fact_too_short" time="0.049" /><testcase classname="backend.tests.test_yla_backend.TestOwnerMemory" name="test_add_fact_too_long" time="0.046" /><testcase classname="backend.tests.test_yla_backend.TestOwnerMemory" name="test_list_sorted_ascending" time="0.391" /><testcase classname="backend.tests.test_yla_backend.TestOwnerMemory" name="test_delete_specific" time="0.214" /><testcase classname="backend.tests.test_yla_backend.TestOwnerMemory" name="test_delete_unknown_404" time="0.049" /><testcase classname="backend.tests.test_yla_backend.TestOwnerMemory" name="test_delete_all" time="0.145" /><testcase classname="backend.tests.test_yla_backend.TestOwnerAutoExtraction" name="test_owner_chat_triggers_extraction" time="3.368" /><testcase classname="backend.tests.test_yla_backend.TestOwnerAutoExtraction" name="test_anonymous_chat_no_extraction" time="10.964" /><testcase classname="backend.tests.test_yla_backend.TestStripeCheckout" name="test_create_lifetime_session" time="0.558" /><testcase classname="backend.tests.test_yla_backend.TestStripeCheckout" name="test_create_starter_session" time="0.874" /><testcase classname="backend.tests.test_yla_backend.TestStripeCheckout" name="test_create_invalid_plan" time="0.060" /><testcase classname="backend.tests.test_yla_backend.TestStripeCheckout" name="test_checkout_status" time="0.252" /><testcase classname="backend.tests.test_yla_backend.TestStripeCheckout" name="test_admin_payments_list_contains_created" time="0.049" /><testcase classname="backend.tests.test_yla_backend.TestExistingEndpoints" name="test_access_anonymous" time="0.045" /><testcase classname="backend.tests.test_yla_backend.TestExistingEndpoints" name="test_access_owner" time="0.049" /><testcase classname="backend.tests.test_yla_backend.TestExistingEndpoints" name="test_register_email" time="0.046" /><testcase classname="backend.tests.test_yla_backend.TestExistingEndpoints" name="test_register_email_invalid" time="0.043" /><testcase classname="backend.tests.test_yla_backend.TestExistingEndpoints" name="test_admin_stats" time="0.049" /><testcase classname="backend.tests.test_yla_backend.TestExistingEndpoints" name="test_admin_users" time="0.055" /><testcase classname="backend.tests.test_yla_backend.TestExistingEndpoints" name="test_admin_reviews" time="0.057" /><testcase classname="backend.tests.test_yla_backend.TestExistingEndpoints" name="test_admin_mark_paid_unknown" time="0.051" /><testcase classname="backend.tests.test_yla_backend.TestExistingEndpoints" name="test_admin_grant_lifetime_and_revoke" time="0.218" /><testcase classname="backend.tests.test_yla_backend.TestExistingEndpoints" name="test_review_invalid_rating" time="0.048" /><testcase classname="backend.tests.test_yla_backend.TestExistingEndpoints" name="test_review_short" time="0.045" /><testcase classname="backend.tests.test_yla_backend.TestExistingEndpoints" name="test_chat_anonymous_trial" time="1.289" /></testsuite></testsuites>